<?xml version="1.0" encoding="UTF-8"?>
<!-- Generated by org.testng.reporters.JUnitXMLReporter -->
<testsuite hostname="DESKTOP-ULL41SB" ignored="0" name="Test" tests="3" failures="0" timestamp="2021-06-03T16:18:10 IST" time="155.986" errors="0">
  <testcase name="launcgingApplication" time="65.875" classname="execution.Execute"/>
  <testcase name="userLoging" time="4.238" classname="execution.Execute"/>
  <testcase name="CreateFolder" time="85.547" classname="execution.Execute"/>
</testsuite> <!-- Test -->
