<?xml version="1.0" encoding="UTF-8"?>
<testsuite xmlns:xsi="http://www.w3.org/2001/XMLSchema-instance" xsi:noNamespaceSchemaLocation="https://maven.apache.org/surefire/maven-surefire-plugin/xsd/surefire-test-report-3.0.xsd" version="3.0" name="TestSuite" time="67.235" tests="3" errors="0" skipped="0" failures="0">
  <properties>
[...]
</properties>
  <testcase name="launcgingApplication" classname="execution.Execute" time="12.48">
    <system-out><![CDATA[Execution tsarted ========
07-06-21_14-46
Value from Input file :: deviceName-----Default2 
==============================
Value from Input file :: deviceName-----Default2 
==============================
Value from Input file :: device-----sdk_gphone_x86_arm
==============================
Value from Input file :: device-----sdk_gphone_x86_arm
==============================
Value from Input file :: platformName-----Android
==============================
Value from Input file :: platformName-----Android
==============================
Value from Input file :: platformVersion-----11
==============================
Value from Input file :: platformVersion-----11
==============================
Value from Input file :: appPackage-----com.sync.mobileapp
==============================
Value from Input file :: appPackage-----com.sync.mobileapp
==============================
Value from Input file :: appActivity-----com.sync.mobileapp.activities.SplashActivity
==============================
Value from Input file :: appActivity-----com.sync.mobileapp.activities.SplashActivity
==============================
Value from Input file :: noReset-----false
==============================
Value from Input file :: noReset-----false
==============================
Value from Input file :: app-----D:\Sync\Sync_base.apk
==============================
Value from Input file :: app-----D:\Sync\Sync_base.apk
==============================
Value from Input file :: noSign-----false
==============================
]]></system-out>
    <system-err><![CDATA[SLF4J: Failed to load class "org.slf4j.impl.StaticLoggerBinder".
SLF4J: Defaulting to no-operation (NOP) logger implementation
SLF4J: See http://www.slf4j.org/codes.html#StaticLoggerBinder for further details.
Jun 07, 2021 2:47:07 PM io.appium.java_client.remote.AppiumCommandExecutor$1 lambda$0
INFO: Detected dialect: W3C
]]></system-err>
  </testcase>
  <testcase name="userLoging" classname="execution.Execute" time="3.934">
    <system-out><![CDATA[User Loged in Successfully
]]></system-out>
  </testcase>
  <testcase name="CreateFolder" classname="execution.Execute" time="50.136">
    <system-out><![CDATA[Logged in User is :: myselfmono85@gmail.com 
--and Allocated Size is  : 0% of 5 GB used
Folder is not Empty, need to Select perticuler Folder
User Successfully Created New Folder
Successfully Selected Folder
User Ready to Upload Files into Selected Folder :: Mydata_07-06-21_14-46
Successfully Selected Folder
]]></system-out>
    <system-err><![CDATA[Folder is Empty Need to add Upload Files
]]></system-err>
  </testcase>
</testsuite>