<?xml version="1.0" encoding="UTF-8"?>
<testng-results skipped="0" failed="0" ignored="0" total="3" passed="3">
  <reporter-output>
  </reporter-output>
  <suite name="Suite" duration-ms="66602" started-at="2021-06-07T14:46:55 IST" finished-at="2021-06-07T14:48:01 IST">
    <groups>
    </groups>
    <test name="Test" duration-ms="66602" started-at="2021-06-07T14:46:55 IST" finished-at="2021-06-07T14:48:01 IST">
      <class name="execution.Execute">
        <test-method status="PASS" signature="beforeTest()[pri:0, instance:execution.Execute@5a1dddba]" name="beforeTest" is-config="true" duration-ms="18" started-at="2021-06-07T14:46:55 IST" finished-at="2021-06-07T14:46:55 IST">
          <reporter-output>
          </reporter-output>
        </test-method> <!-- beforeTest -->
        <test-method status="PASS" signature="launcgingApplication()[pri:0, instance:execution.Execute@5a1dddba]" name="launcgingApplication" duration-ms="12479" started-at="2021-06-07T14:46:55 IST" finished-at="2021-06-07T14:47:07 IST">
          <reporter-output>
          </reporter-output>
        </test-method> <!-- launcgingApplication -->
        <test-method status="PASS" signature="userLoging()[pri:1, instance:execution.Execute@5a1dddba]" name="userLoging" duration-ms="3934" started-at="2021-06-07T14:47:07 IST" finished-at="2021-06-07T14:47:11 IST">
          <reporter-output>
          </reporter-output>
        </test-method> <!-- userLoging -->
        <test-method status="PASS" signature="CreateFolder()[pri:2, instance:execution.Execute@5a1dddba]" name="CreateFolder" duration-ms="50136" started-at="2021-06-07T14:47:11 IST" finished-at="2021-06-07T14:48:01 IST">
          <reporter-output>
          </reporter-output>
        </test-method> <!-- CreateFolder -->
        <test-method status="PASS" signature="afterTest()[pri:0, instance:execution.Execute@5a1dddba]" name="afterTest" is-config="true" duration-ms="0" started-at="2021-06-07T14:48:01 IST" finished-at="2021-06-07T14:48:01 IST">
          <reporter-output>
          </reporter-output>
        </test-method> <!-- afterTest -->
      </class> <!-- execution.Execute -->
    </test> <!-- Test -->
  </suite> <!-- Suite -->
</testng-results>
