<?xml version="1.0" encoding="UTF-8"?>
<testng-results skipped="0" failed="0" ignored="0" total="3" passed="3">
  <reporter-output>
  </reporter-output>
  <suite name="Suite" duration-ms="155986" started-at="2021-06-03T16:15:34 IST" finished-at="2021-06-03T16:18:10 IST">
    <groups>
    </groups>
    <test name="Test" duration-ms="155986" started-at="2021-06-03T16:15:34 IST" finished-at="2021-06-03T16:18:10 IST">
      <class name="execution.Execute">
        <test-method status="PASS" signature="beforeTest()[pri:0, instance:execution.Execute@1118d539]" name="beforeTest" is-config="true" duration-ms="60" started-at="2021-06-03T16:15:34 IST" finished-at="2021-06-03T16:15:34 IST">
          <reporter-output>
          </reporter-output>
        </test-method> <!-- beforeTest -->
        <test-method status="PASS" signature="launcgingApplication()[pri:0, instance:execution.Execute@1118d539]" name="launcgingApplication" duration-ms="65875" started-at="2021-06-03T16:15:34 IST" finished-at="2021-06-03T16:16:40 IST">
          <reporter-output>
          </reporter-output>
        </test-method> <!-- launcgingApplication -->
        <test-method status="PASS" signature="userLoging()[pri:1, instance:execution.Execute@1118d539]" name="userLoging" duration-ms="4238" started-at="2021-06-03T16:16:40 IST" finished-at="2021-06-03T16:16:44 IST">
          <reporter-output>
          </reporter-output>
        </test-method> <!-- userLoging -->
        <test-method status="PASS" signature="CreateFolder()[pri:2, instance:execution.Execute@1118d539]" name="CreateFolder" duration-ms="85547" started-at="2021-06-03T16:16:44 IST" finished-at="2021-06-03T16:18:10 IST">
          <reporter-output>
          </reporter-output>
        </test-method> <!-- CreateFolder -->
        <test-method status="PASS" signature="afterTest()[pri:0, instance:execution.Execute@1118d539]" name="afterTest" is-config="true" duration-ms="22" started-at="2021-06-03T16:18:10 IST" finished-at="2021-06-03T16:18:10 IST">
          <reporter-output>
          </reporter-output>
        </test-method> <!-- afterTest -->
      </class> <!-- execution.Execute -->
    </test> <!-- Test -->
  </suite> <!-- Suite -->
</testng-results>
